[2025-06-05T15:22:55.012617+00:00] app.INFO: AdminController dashboard [] []
[2025-06-05T15:22:55.202359+00:00] app.INFO: HomeController index [] []
[2025-06-05T15:23:01.364919+00:00] app.INFO: HomeController index [] []
[2025-06-05T15:23:02.678788+00:00] app.INFO: HomeController index [] []
[2025-06-05T15:23:03.590778+00:00] app.INFO: HomeController index [] []
[2025-06-05T15:23:05.965555+00:00] app.INFO: AdminController dashboard [] []
[2025-06-05T15:23:06.096534+00:00] app.INFO: HomeController index [] []
[2025-06-05T15:24:05.068244+00:00] app.INFO: HomeController index [] []
[2025-06-05T15:24:05.527409+00:00] app.INFO: HomeController index [] []
[2025-06-05T15:24:11.257450+00:00] app.INFO: HomeController index [] []
[2025-06-05T15:24:11.680332+00:00] app.INFO: HomeController index [] []
[2025-06-05T15:24:14.520019+00:00] app.INFO: HomeController index [] []
[2025-06-05T15:24:14.818482+00:00] app.INFO: HomeController index [] []
[2025-06-05T15:24:34.414181+00:00] app.INFO: AuthController auth view [] []
[2025-06-05T15:24:34.657547+00:00] app.INFO: HomeController index [] []
[2025-06-05T15:24:49.264962+00:00] app.INFO: HomeController index [] []
[2025-06-05T15:25:25.622291+00:00] app.INFO: HomeController index [] []
[2025-06-05T15:25:27.548052+00:00] app.INFO: HomeController index [] []
[2025-06-05T15:27:26.236684+00:00] app.INFO: HomeController index [] []
[2025-06-05T15:27:27.448227+00:00] app.INFO: AuthController auth view [] []
[2025-06-05T15:27:27.895766+00:00] app.INFO: HomeController index [] []
[2025-06-05T15:45:14.270765+00:00] app.INFO: HomeController index [] []
[2025-06-05T15:45:14.863740+00:00] app.INFO: HomeController index [] []
[2025-06-05T15:45:21.827630+00:00] app.INFO: AuthController auth view [] []
[2025-06-05T15:45:22.193244+00:00] app.INFO: HomeController index [] []
[2025-06-05T15:45:23.925318+00:00] app.INFO: HomeController index [] []
[2025-06-05T15:45:24.805813+00:00] app.INFO: HomeController index [] []
[2025-06-05T15:45:25.076603+00:00] app.INFO: HomeController index [] []
[2025-06-05T15:45:33.777939+00:00] app.INFO: HomeController index [] []
[2025-06-05T15:45:34.043347+00:00] app.INFO: HomeController index [] []
[2025-06-05T15:55:56.818681+00:00] app.INFO: HomeController index [] []
[2025-06-05T15:55:57.428434+00:00] app.INFO: HomeController index [] []
[2025-06-05T15:55:58.870420+00:00] app.INFO: AuthController auth view [] []
[2025-06-05T15:55:59.201286+00:00] app.INFO: HomeController index [] []
[2025-06-05T15:56:00.780580+00:00] app.INFO: HomeController index [] []
[2025-06-05T15:56:01.100377+00:00] app.INFO: HomeController index [] []
[2025-06-05T16:02:34.716562+00:00] app.INFO: HomeController index [] []
[2025-06-05T16:02:35.238946+00:00] app.INFO: HomeController index [] []
[2025-06-05T16:02:37.969607+00:00] app.INFO: HomeController index [] []
[2025-06-05T16:02:53.203115+00:00] app.INFO: AuthController logout [] []
[2025-06-05T16:02:53.238371+00:00] app.INFO: HomeController index [] []
[2025-06-05T16:02:53.725998+00:00] app.INFO: HomeController index [] []
[2025-06-05T16:02:55.347991+00:00] app.INFO: AuthController auth view [] []
[2025-06-05T16:02:55.585511+00:00] app.INFO: HomeController index [] []
[2025-06-05T16:03:03.786375+00:00] app.INFO: AuthController login 1 [] []
[2025-06-05T16:03:03.820863+00:00] app.INFO: HomeController index [] []
[2025-06-05T16:03:04.113304+00:00] app.INFO: HomeController index [] []
[2025-06-05T16:57:11.050174+00:00] app.INFO: AuthController logout [] []
[2025-06-05T16:57:11.102775+00:00] app.INFO: HomeController index [] []
[2025-06-05T16:57:11.468026+00:00] app.INFO: HomeController index [] []
[2025-06-05T17:06:44.621277+00:00] app.INFO: HomeController index [] []
[2025-06-05T17:06:45.244906+00:00] app.INFO: HomeController index [] []
[2025-06-05T17:06:47.501663+00:00] app.INFO: HomeController index [] []
[2025-06-05T17:06:47.908413+00:00] app.INFO: HomeController index [] []
[2025-06-05T17:31:00.535722+00:00] app.INFO: HomeController index [] []
[2025-06-05T17:31:01.093410+00:00] app.INFO: HomeController index [] []
[2025-06-05T17:31:05.685959+00:00] app.INFO: HomeController index [] []
[2025-06-05T17:31:06.081463+00:00] app.INFO: HomeController index [] []
[2025-06-05T17:31:07.789267+00:00] app.INFO: AuthController auth view [] []
[2025-06-05T17:31:08.027703+00:00] app.INFO: HomeController index [] []
[2025-06-05T17:31:13.012458+00:00] app.INFO: AuthController login 1 [] []
[2025-06-05T17:31:13.045095+00:00] app.INFO: HomeController index [] []
[2025-06-05T17:31:13.332463+00:00] app.INFO: HomeController index [] []
[2025-06-05T17:31:37.897689+00:00] app.INFO: AuthController logout [] []
[2025-06-05T17:31:37.936620+00:00] app.INFO: HomeController index [] []
[2025-06-05T17:31:38.197231+00:00] app.INFO: HomeController index [] []
[2025-06-05T17:49:17.101856+00:00] app.INFO: AuthController auth view [] []
[2025-06-05T17:49:17.611074+00:00] app.INFO: HomeController index [] []
[2025-06-05T17:49:27.505737+00:00] app.INFO: AuthController login 1 [] []
[2025-06-05T17:49:27.555860+00:00] app.INFO: HomeController index [] []
[2025-06-05T17:49:27.985874+00:00] app.INFO: HomeController index [] []
[2025-06-05T17:50:01.271760+00:00] app.INFO: AuthController logout [] []
[2025-06-05T17:50:01.316129+00:00] app.INFO: HomeController index [] []
[2025-06-05T17:50:01.575779+00:00] app.INFO: HomeController index [] []
[2025-06-05T17:51:51.080245+00:00] app.INFO: AuthController auth view [] []
[2025-06-05T17:51:51.475595+00:00] app.INFO: HomeController index [] []
[2025-06-05T17:51:57.596321+00:00] app.INFO: AuthController login 1 [] []
[2025-06-05T17:51:57.632844+00:00] app.INFO: HomeController index [] []
[2025-06-05T17:51:58.048943+00:00] app.INFO: HomeController index [] []
[2025-06-05T17:52:17.233639+00:00] app.INFO: AuthController logout [] []
[2025-06-05T17:52:17.269759+00:00] app.INFO: HomeController index [] []
[2025-06-05T17:52:17.538940+00:00] app.INFO: HomeController index [] []
[2025-06-05T17:56:32.361442+00:00] app.INFO: AuthController auth view [] []
[2025-06-05T17:56:32.817604+00:00] app.INFO: HomeController index [] []
[2025-06-05T17:57:06.004148+00:00] app.INFO: AuthController auth view [] []
[2025-06-05T17:57:06.327686+00:00] app.INFO: HomeController index [] []
[2025-06-05T18:01:49.734382+00:00] app.INFO: AuthController login 2 [] []
[2025-06-05T18:02:30.020537+00:00] app.INFO: HomeController index [] []
[2025-06-05T18:02:37.215269+00:00] app.INFO: AuthController login 2 [] []
[2025-06-05T18:02:37.258194+00:00] app.INFO: AdminController dashboard [] []
[2025-06-05T18:02:37.432370+00:00] app.INFO: HomeController index [] []
[2025-06-05T18:02:55.297376+00:00] app.INFO: HomeController index [] []
[2025-06-05T18:02:55.754737+00:00] app.INFO: HomeController index [] []
[2025-06-05T18:03:03.133047+00:00] app.INFO: AdminController dashboard [] []
[2025-06-05T18:03:03.260912+00:00] app.INFO: HomeController index [] []
[2025-06-05T18:03:07.319639+00:00] app.INFO: HomeController index [] []
[2025-06-05T18:03:07.614417+00:00] app.INFO: HomeController index [] []
[2025-06-05T18:03:08.863944+00:00] app.INFO: AuthController logout [] []
[2025-06-05T18:03:08.896079+00:00] app.INFO: HomeController index [] []
[2025-06-05T18:03:09.140825+00:00] app.INFO: HomeController index [] []
[2025-06-05T18:03:11.446586+00:00] app.INFO: HomeController index [] []
[2025-06-05T18:03:11.675329+00:00] app.INFO: HomeController index [] []
[2025-06-05T18:03:13.934561+00:00] app.INFO: HomeController index [] []
[2025-06-05T18:03:14.177156+00:00] app.INFO: HomeController index [] []
[2025-06-05T18:03:15.750488+00:00] app.INFO: AuthController auth view [] []
[2025-06-05T18:03:16.004984+00:00] app.INFO: HomeController index [] []
[2025-06-05T18:03:23.062427+00:00] app.INFO: AuthController login 1 [] []
[2025-06-05T18:03:23.102327+00:00] app.INFO: HomeController index [] []
[2025-06-05T18:03:23.405804+00:00] app.INFO: HomeController index [] []
[2025-06-05T18:03:25.978952+00:00] app.INFO: HomeController index [] []
[2025-06-05T18:03:26.240061+00:00] app.INFO: HomeController index [] []
[2025-06-05T18:03:27.920447+00:00] app.INFO: HomeController index [] []
[2025-06-05T18:03:29.089768+00:00] app.INFO: HomeController index [] []
[2025-06-05T18:03:30.052338+00:00] app.INFO: HomeController index [] []
[2025-06-05T18:35:08.553516+00:00] app.INFO: HomeController index [] []
[2025-06-05T18:35:09.097297+00:00] app.INFO: HomeController index [] []
[2025-06-05T18:35:18.743895+00:00] app.INFO: AuthController logout [] []
[2025-06-05T18:35:18.776235+00:00] app.INFO: HomeController index [] []
[2025-06-05T18:35:19.231598+00:00] app.INFO: HomeController index [] []
[2025-06-05T18:35:26.189903+00:00] app.INFO: AuthController auth view [] []
[2025-06-05T18:35:26.435704+00:00] app.INFO: HomeController index [] []
[2025-06-05T18:39:08.911161+00:00] app.INFO: AuthController login 2 [] []
[2025-06-05T18:39:08.961242+00:00] app.INFO: AdminController dashboard [] []
[2025-06-05T18:39:09.157793+00:00] app.INFO: HomeController index [] []
[2025-06-06T07:58:51.927639+00:00] app.INFO: HomeController index [] []
[2025-06-06T07:58:52.228924+00:00] app.INFO: HomeController index [] []
[2025-06-06T07:58:55.342745+00:00] app.INFO: AuthController auth view [] []
[2025-06-06T07:58:55.641324+00:00] app.INFO: HomeController index [] []
[2025-06-06T07:59:04.508197+00:00] app.INFO: AuthController login 2 [] []
[2025-06-06T07:59:04.562629+00:00] app.INFO: AdminController dashboard [] []
[2025-06-06T07:59:04.725468+00:00] app.INFO: HomeController index [] []
[2025-06-06T07:59:07.657454+00:00] app.INFO: HomeController index [] []
[2025-06-06T07:59:08.330111+00:00] app.INFO: HomeController index [] []
[2025-06-06T07:59:08.656215+00:00] app.INFO: HomeController index [] []
[2025-06-06T07:59:13.122330+00:00] app.INFO: AuthController logout [] []
[2025-06-06T07:59:13.166563+00:00] app.INFO: HomeController index [] []
[2025-06-06T07:59:13.448193+00:00] app.INFO: HomeController index [] []
[2025-06-06T07:59:15.887397+00:00] app.INFO: HomeController index [] []
[2025-06-06T07:59:16.141942+00:00] app.INFO: HomeController index [] []
[2025-06-06T08:01:43.904949+00:00] app.INFO: HomeController index [] []
[2025-06-06T08:01:44.423734+00:00] app.INFO: HomeController index [] []
[2025-06-06T08:01:45.518822+00:00] app.INFO: HomeController index [] []
[2025-06-06T08:01:45.829148+00:00] app.INFO: HomeController index [] []
[2025-06-06T08:01:47.154547+00:00] app.INFO: HomeController index [] []
[2025-06-06T08:01:47.416396+00:00] app.INFO: HomeController index [] []
[2025-06-06T08:01:48.147385+00:00] app.INFO: HomeController index [] []
[2025-06-06T08:01:48.362466+00:00] app.INFO: HomeController index [] []
[2025-06-06T08:01:50.873835+00:00] app.INFO: HomeController index [] []
[2025-06-06T08:01:51.099865+00:00] app.INFO: HomeController index [] []
[2025-06-06T08:01:51.668035+00:00] app.INFO: HomeController index [] []
[2025-06-06T08:01:51.864344+00:00] app.INFO: HomeController index [] []
[2025-06-06T08:01:52.499896+00:00] app.INFO: HomeController index [] []
[2025-06-06T08:01:52.726884+00:00] app.INFO: HomeController index [] []
[2025-06-06T08:01:52.907705+00:00] app.INFO: HomeController index [] []
[2025-06-06T08:01:53.108764+00:00] app.INFO: HomeController index [] []
[2025-06-06T08:01:53.278969+00:00] app.INFO: HomeController index [] []
[2025-06-06T08:01:53.482173+00:00] app.INFO: HomeController index [] []
[2025-06-06T08:01:53.647453+00:00] app.INFO: HomeController index [] []
[2025-06-06T08:01:53.861129+00:00] app.INFO: HomeController index [] []
[2025-06-06T08:01:54.040370+00:00] app.INFO: HomeController index [] []
[2025-06-06T08:01:54.257627+00:00] app.INFO: HomeController index [] []
[2025-06-06T08:01:54.826088+00:00] app.INFO: HomeController index [] []
[2025-06-06T08:01:55.021051+00:00] app.INFO: HomeController index [] []
[2025-06-06T08:03:16.758242+00:00] app.INFO: HomeController index [] []
[2025-06-06T08:03:17.072139+00:00] app.INFO: HomeController index [] []
[2025-06-06T08:03:18.157792+00:00] app.INFO: AuthController auth view [] []
[2025-06-06T08:03:18.443409+00:00] app.INFO: HomeController index [] []
[2025-06-06T08:03:28.361638+00:00] app.INFO: AuthController login 1 [] []
[2025-06-06T08:03:28.412689+00:00] app.INFO: HomeController index [] []
[2025-06-06T08:03:28.785931+00:00] app.INFO: HomeController index [] []
[2025-06-06T08:03:33.700808+00:00] app.INFO: HomeController index [] []
[2025-06-06T08:03:34.872589+00:00] app.INFO: HomeController index [] []
[2025-06-06T08:03:38.465721+00:00] app.INFO: HomeController index [] []
[2025-06-06T08:03:54.428274+00:00] app.INFO: HomeController index [] []
[2025-06-06T08:03:54.683874+00:00] app.INFO: HomeController index [] []
[2025-06-06T08:03:58.529295+00:00] app.INFO: HomeController index [] []
[2025-06-06T08:03:58.802405+00:00] app.INFO: HomeController index [] []
[2025-06-06T08:04:03.118484+00:00] app.INFO: HomeController index [] []
[2025-06-06T08:04:03.364795+00:00] app.INFO: HomeController index [] []
[2025-06-06T08:04:05.126512+00:00] app.INFO: AuthController logout [] []
[2025-06-06T08:04:05.161628+00:00] app.INFO: HomeController index [] []
[2025-06-06T08:04:05.366569+00:00] app.INFO: HomeController index [] []
[2025-06-06T08:04:09.881984+00:00] app.INFO: AuthController auth view [] []
[2025-06-06T08:04:10.079292+00:00] app.INFO: HomeController index [] []
[2025-06-06T08:04:12.939392+00:00] app.INFO: HomeController index [] []
[2025-06-06T08:04:15.719752+00:00] app.INFO: AuthController auth view [] []
[2025-06-06T08:04:15.950091+00:00] app.INFO: HomeController index [] []
[2025-06-06T08:04:27.998278+00:00] app.INFO: HomeController index [] []
[2025-06-06T08:04:28.297791+00:00] app.INFO: HomeController index [] []
[2025-06-06T08:04:30.708565+00:00] app.INFO: HomeController index [] []
[2025-06-06T08:04:30.941084+00:00] app.INFO: HomeController index [] []
[2025-06-06T08:04:32.518386+00:00] app.INFO: AuthController auth view [] []
[2025-06-06T08:04:32.712318+00:00] app.INFO: HomeController index [] []
[2025-06-06T08:04:40.607099+00:00] app.INFO: AuthController login 2 [] []
[2025-06-06T08:04:40.643378+00:00] app.INFO: AdminController dashboard [] []
[2025-06-06T08:04:40.789633+00:00] app.INFO: HomeController index [] []
[2025-06-06T08:04:49.983257+00:00] app.INFO: HomeController index [] []
[2025-06-06T08:04:50.310003+00:00] app.INFO: HomeController index [] []
[2025-06-06T08:04:54.534248+00:00] app.INFO: AdminController dashboard [] []
[2025-06-06T08:04:54.653678+00:00] app.INFO: HomeController index [] []
[2025-06-06T08:05:28.182103+00:00] app.INFO: HomeController index [] []
[2025-06-06T08:05:28.505203+00:00] app.INFO: HomeController index [] []
[2025-06-06T08:05:29.715751+00:00] app.INFO: AuthController logout [] []
[2025-06-06T08:05:29.762242+00:00] app.INFO: HomeController index [] []
[2025-06-06T08:05:30.141225+00:00] app.INFO: HomeController index [] []
[2025-06-06T16:46:31.540553+00:00] app.INFO: HomeController index [] []
[2025-06-06T16:46:33.484046+00:00] app.INFO: HomeController index [] []
[2025-06-06T16:46:37.329223+00:00] app.INFO: AuthController auth view [] []
[2025-06-06T16:46:37.824654+00:00] app.INFO: HomeController index [] []
[2025-06-06T16:46:49.609978+00:00] app.INFO: HomeController index [] []
[2025-06-06T16:46:50.359434+00:00] app.INFO: HomeController index [] []
[2025-06-06T16:55:20.125796+00:00] app.INFO: HomeController index [] []
[2025-06-06T16:55:21.556922+00:00] app.INFO: HomeController index [] []
[2025-06-06T17:01:59.149218+00:00] app.INFO: HomeController index [] []
[2025-06-06T17:02:01.094664+00:00] app.INFO: HomeController index [] []
[2025-06-06T17:02:02.642195+00:00] app.INFO: HomeController index [] []
[2025-06-06T17:02:03.249690+00:00] app.INFO: HomeController index [] []
[2025-06-06T17:02:20.631157+00:00] app.INFO: HomeController index [] []
[2025-06-06T17:02:21.296229+00:00] app.INFO: HomeController index [] []
[2025-06-06T17:04:03.114643+00:00] app.INFO: HomeController index [] []
[2025-06-06T17:04:04.105354+00:00] app.INFO: HomeController index [] []
[2025-06-06T17:14:59.128828+00:00] app.INFO: HomeController index [] []
[2025-06-06T17:14:59.727208+00:00] app.INFO: HomeController index [] []
[2025-06-06T17:15:27.698303+00:00] app.INFO: HomeController index [] []
[2025-06-06T17:15:28.814282+00:00] app.INFO: HomeController index [] []
[2025-06-06T17:15:35.268998+00:00] app.INFO: HomeController index [] []
[2025-06-06T17:15:36.474642+00:00] app.INFO: HomeController index [] []
[2025-06-06T17:16:08.727661+00:00] app.INFO: HomeController index [] []
[2025-06-06T17:16:09.739026+00:00] app.INFO: HomeController index [] []
[2025-06-06T17:16:41.753946+00:00] app.INFO: AuthController auth view [] []
[2025-06-06T17:16:42.227631+00:00] app.INFO: HomeController index [] []
[2025-06-06T17:23:25.658182+00:00] app.INFO: HomeController index [] []
[2025-06-06T17:23:26.542929+00:00] app.INFO: HomeController index [] []
[2025-06-06T17:27:08.465481+00:00] app.INFO: HomeController index [] []
[2025-06-06T17:27:10.166779+00:00] app.INFO: HomeController index [] []
[2025-06-06T17:29:16.426597+00:00] app.INFO: HomeController index [] []
[2025-06-06T17:29:17.536047+00:00] app.INFO: HomeController index [] []
[2025-06-06T17:29:21.838755+00:00] app.INFO: AuthController auth view [] []
[2025-06-06T17:29:22.312183+00:00] app.INFO: HomeController index [] []
[2025-06-06T17:29:25.333001+00:00] app.INFO: HomeController index [] []
[2025-06-06T17:29:25.831382+00:00] app.INFO: HomeController index [] []
[2025-06-06T17:29:43.146178+00:00] app.INFO: HomeController index [] []
[2025-06-06T17:29:43.666004+00:00] app.INFO: HomeController index [] []
[2025-06-06T17:29:51.312788+00:00] app.INFO: HomeController index [] []
[2025-06-06T17:30:30.570918+00:00] app.INFO: HomeController index [] []
[2025-06-06T17:30:30.997536+00:00] app.INFO: HomeController index [] []
[2025-06-06T17:31:26.496558+00:00] app.INFO: HomeController index [] []
[2025-06-06T17:31:29.840772+00:00] app.INFO: HomeController index [] []
[2025-06-06T17:31:31.844042+00:00] app.INFO: HomeController index [] []
[2025-06-06T17:31:32.242324+00:00] app.INFO: HomeController index [] []
[2025-06-06T17:32:25.573881+00:00] app.INFO: AuthController auth view [] []
[2025-06-06T17:32:26.078169+00:00] app.INFO: HomeController index [] []
[2025-06-06T17:32:31.929062+00:00] app.INFO: HomeController index [] []
[2025-06-06T17:32:32.465137+00:00] app.INFO: HomeController index [] []
[2025-06-06T17:32:34.256616+00:00] app.INFO: HomeController index [] []
[2025-06-06T17:32:36.751006+00:00] app.INFO: HomeController index [] []
[2025-06-06T17:32:46.528739+00:00] app.INFO: HomeController index [] []
[2025-06-06T17:34:43.902618+00:00] app.INFO: HomeController index [] []
[2025-06-06T17:34:44.502736+00:00] app.INFO: HomeController index [] []
[2025-06-06T17:34:47.862130+00:00] app.INFO: AdminController dashboard [] []
[2025-06-06T17:34:48.285043+00:00] app.INFO: HomeController index [] []
[2025-06-06T17:34:54.389777+00:00] app.INFO: AdminController dashboard [] []
[2025-06-06T17:34:54.820537+00:00] app.INFO: HomeController index [] []
[2025-06-06T17:35:30.210932+00:00] app.INFO: HomeController index [] []
[2025-06-06T17:35:30.870168+00:00] app.INFO: HomeController index [] []
[2025-06-06T17:36:21.045540+00:00] app.INFO: HomeController index [] []
[2025-06-06T17:36:22.390741+00:00] app.INFO: HomeController index [] []
[2025-06-06T17:36:29.330396+00:00] app.INFO: AdminController dashboard [] []
[2025-06-06T17:36:30.103300+00:00] app.INFO: HomeController index [] []
[2025-06-07T03:58:57.257657+00:00] app.INFO: HomeController index [] []
[2025-06-07T03:58:57.798018+00:00] app.INFO: HomeController index [] []
[2025-06-07T03:59:02.886209+00:00] app.INFO: HomeController index [] []
[2025-06-07T03:59:03.274195+00:00] app.INFO: HomeController index [] []
[2025-06-07T03:59:11.973874+00:00] app.INFO: HomeController index [] []
[2025-06-07T03:59:12.617181+00:00] app.INFO: HomeController index [] []
[2025-06-07T03:59:25.014384+00:00] app.INFO: HomeController index [] []
[2025-06-07T03:59:25.288579+00:00] app.INFO: HomeController index [] []
[2025-06-07T06:49:17.031875+00:00] app.INFO: HomeController index [] []
[2025-06-07T06:49:25.099168+00:00] app.INFO: AuthController auth view [] []
[2025-06-07T06:49:28.086706+00:00] app.INFO: HomeController index [] []
[2025-06-07T06:49:29.164203+00:00] app.INFO: HomeController index [] []
[2025-06-07T06:49:32.725982+00:00] app.INFO: HomeController index [] []
[2025-06-07T06:49:35.047786+00:00] app.INFO: HomeController index [] []
[2025-06-07T09:27:39.189168+00:00] app.INFO: HomeController index [] []
[2025-06-07T09:38:39.929690+00:00] app.INFO: HomeController index [] []
[2025-06-07T09:39:13.286622+00:00] app.INFO: HomeController index [] []
[2025-06-07T10:59:30.638361+00:00] app.INFO: HomeController index [] []
[2025-06-07T11:02:47.715726+00:00] app.INFO: HomeController index [] []
[2025-06-07T11:03:01.196295+00:00] app.INFO: HomeController index [] []
[2025-06-07T11:04:06.800095+00:00] app.INFO: HomeController index [] []
[2025-06-07T11:04:12.242471+00:00] app.INFO: AuthController auth view [] []
[2025-06-07T11:04:14.906447+00:00] app.INFO: HomeController index [] []
[2025-06-07T11:04:22.541137+00:00] app.INFO: HomeController index [] []
[2025-06-08T07:30:41.798963+00:00] app.INFO: HomeController index [] []
[2025-06-08T07:30:59.038025+00:00] app.INFO: HomeController index [] []
[2025-06-08T07:31:37.335646+00:00] app.INFO: HomeController index [] []
[2025-06-08T07:31:47.209822+00:00] app.INFO: AuthController auth view [] []
[2025-06-08T10:38:18.218328+00:00] app.INFO: AuthController auth view [] []
[2025-06-08T11:12:41.737805+00:00] app.INFO: HomeController index [] []
[2025-06-08T11:12:45.987913+00:00] app.INFO: AuthController auth view [] []
[2025-06-08T11:12:58.945598+00:00] app.INFO: AuthController auth view [] []
[2025-06-08T11:13:31.862092+00:00] app.INFO: AuthController login 1pelanggan [] []
[2025-06-08T11:13:31.916877+00:00] app.INFO: HomeController index [] []
[2025-06-08T11:14:03.950966+00:00] app.INFO: HomeController index [] []
[2025-06-08T11:14:46.562244+00:00] app.INFO: HomeController index [] []
[2025-06-08T11:14:47.644507+00:00] app.INFO: HomeController index [] []
[2025-06-08T11:14:49.139282+00:00] app.INFO: HomeController index [] []
[2025-06-08T11:14:50.505643+00:00] app.INFO: HomeController index [] []
[2025-06-08T11:15:02.484516+00:00] app.INFO: HomeController index [] []
[2025-06-08T11:15:07.830228+00:00] app.INFO: HomeController index [] []
[2025-06-08T11:15:09.696483+00:00] app.INFO: HomeController index [] []
[2025-06-08T11:15:10.859932+00:00] app.INFO: HomeController index [] []
[2025-06-08T11:15:15.910328+00:00] app.INFO: HomeController index [] []
[2025-06-08T11:15:17.860034+00:00] app.INFO: HomeController index [] []
[2025-06-08T11:15:18.902785+00:00] app.INFO: HomeController index [] []
[2025-06-08T11:15:19.657821+00:00] app.INFO: HomeController index [] []
[2025-06-08T11:15:35.938339+00:00] app.INFO: HomeController index [] []
[2025-06-08T11:15:37.133776+00:00] app.INFO: HomeController index [] []
[2025-06-08T11:15:38.338145+00:00] app.INFO: HomeController index [] []
[2025-06-08T11:15:58.389017+00:00] app.INFO: HomeController index [] []
[2025-06-08T11:15:59.218165+00:00] app.INFO: HomeController index [] []
[2025-06-08T11:16:00.397853+00:00] app.INFO: AuthController auth view [] []
[2025-06-08T11:17:22.023305+00:00] app.INFO: HomeController index [] []
[2025-06-08T11:17:23.996593+00:00] app.INFO: AuthController logout [] []
[2025-06-08T11:17:24.027652+00:00] app.INFO: HomeController index [] []
[2025-06-08T11:17:26.247334+00:00] app.INFO: AuthController auth view [] []
[2025-06-08T11:17:32.448782+00:00] app.INFO: AuthController login 1pelanggan [] []
[2025-06-08T11:17:32.485526+00:00] app.INFO: HomeController index [] []
[2025-06-08T11:21:16.287587+00:00] app.INFO: HomeController index [] []
[2025-06-08T12:31:45.565784+00:00] app.INFO: HomeController index [] []
[2025-06-08T12:31:55.615186+00:00] app.INFO: AuthController logout [] []
[2025-06-08T12:31:55.671652+00:00] app.INFO: HomeController index [] []
[2025-06-08T12:37:28.189637+00:00] app.INFO: HomeController index [] []
[2025-06-08T14:37:18.382521+00:00] app.INFO: HomeController index [] []
[2025-06-08T14:37:36.086806+00:00] app.INFO: HomeController index [] []
[2025-06-08T16:20:24.215732+00:00] app.INFO: HomeController index [] []
[2025-06-08T16:21:10.008541+00:00] app.INFO: HomeController index [] []
[2025-06-08T16:21:54.717193+00:00] app.INFO: AuthController auth view [] []
[2025-06-08T16:22:00.872708+00:00] app.INFO: AuthController login 1 pelanggan [] []
[2025-06-08T16:22:00.951980+00:00] app.INFO: HomeController index [] []
[2025-06-08T16:31:22.778199+00:00] app.INFO: HomeController index [] []
[2025-06-08T16:31:25.735083+00:00] app.INFO: AuthController logout [] []
[2025-06-08T16:31:25.771406+00:00] app.INFO: HomeController index [] []
[2025-06-08T16:34:15.185909+00:00] app.INFO: HomeController index [] []
[2025-06-08T16:35:00.881049+00:00] app.INFO: HomeController index [] []
[2025-06-08T16:35:02.312374+00:00] app.INFO: AuthController auth view [] []
[2025-06-08T16:35:18.068251+00:00] app.INFO: AuthController login 1 pelanggan [] []
[2025-06-08T16:35:18.109492+00:00] app.INFO: HomeController index [] []
[2025-06-10T09:00:36.133642+00:00] app.INFO: HomeController index [] []
[2025-06-10T09:00:38.570511+00:00] app.INFO: AuthController auth view [] []
[2025-06-10T09:00:45.127104+00:00] app.INFO: AuthController login 1 pelanggan [] []
[2025-06-10T09:00:45.166475+00:00] app.INFO: HomeController index [] []
[2025-06-10T09:02:50.495773+00:00] app.INFO: HomeController index [] []
[2025-06-10T09:02:55.581827+00:00] app.INFO: AuthController logout [] []
[2025-06-10T09:02:55.632249+00:00] app.INFO: HomeController index [] []
[2025-06-10T09:02:57.911017+00:00] app.INFO: AuthController auth view [] []
[2025-06-10T09:03:06.789477+00:00] app.INFO: AuthController login 1 pelanggan [] []
[2025-06-10T09:03:06.825718+00:00] app.INFO: HomeController index [] []
[2025-06-10T09:03:28.135516+00:00] app.INFO: AuthController logout [] []
[2025-06-10T09:03:28.179843+00:00] app.INFO: HomeController index [] []
[2025-06-10T09:26:28.305628+00:00] app.INFO: HomeController index [] []
[2025-06-10T09:26:30.521985+00:00] app.INFO: AuthController auth view [] []
[2025-06-10T09:26:39.776424+00:00] app.INFO: AuthController login 1 pelanggan [] []
[2025-06-10T09:26:39.824495+00:00] app.INFO: HomeController index [] []
[2025-06-10T09:27:00.350921+00:00] app.INFO: AuthController logout [] []
[2025-06-10T09:27:00.392511+00:00] app.INFO: HomeController index [] []
[2025-06-10T09:29:16.196190+00:00] app.INFO: HomeController index [] []
[2025-06-10T09:29:17.556876+00:00] app.INFO: AuthController auth view [] []
[2025-06-10T09:29:25.675051+00:00] app.INFO: AuthController login 1 pelanggan [] []
[2025-06-10T09:29:25.712967+00:00] app.INFO: HomeController index [] []
[2025-06-10T09:29:39.961397+00:00] app.INFO: HomeController index [] []
[2025-06-10T09:30:13.022909+00:00] app.INFO: HomeController index [] []
[2025-06-10T09:30:17.688024+00:00] app.INFO: HomeController index [] []
[2025-06-10T09:30:19.203148+00:00] app.INFO: HomeController index [] []
[2025-06-10T12:29:01.459227+00:00] app.INFO: HomeController index [] []
[2025-06-10T12:29:02.915220+00:00] app.INFO: HomeController index [] []
[2025-06-10T12:30:34.453487+00:00] app.INFO: HomeController index [] []
[2025-06-10T12:30:38.313862+00:00] app.INFO: HomeController index [] []
[2025-06-10T12:33:47.682634+00:00] app.INFO: HomeController index [] []
[2025-06-10T12:33:53.541006+00:00] app.INFO: AuthController logout [] []
[2025-06-10T12:33:53.583675+00:00] app.INFO: HomeController index [] []
[2025-06-10T12:33:57.609107+00:00] app.INFO: AuthController auth view [] []
[2025-06-10T12:34:16.730362+00:00] app.INFO: AuthController login 1 pelanggan [] []
[2025-06-10T12:34:16.768334+00:00] app.INFO: HomeController index [] []
[2025-06-10T12:36:15.433383+00:00] app.INFO: PelangganModel: Update Failed [] []
[2025-06-10T12:36:27.685519+00:00] app.INFO: PelangganModel: Update Failed [] []
[2025-06-10T12:36:43.821910+00:00] app.INFO: PelangganModel: Update Success [] []
[2025-06-10T12:37:28.836596+00:00] app.INFO: HomeController index [] []
[2025-06-10T12:37:39.547866+00:00] app.INFO: HomeController index [] []
[2025-06-10T15:13:44.215977+00:00] app.INFO: AuthController logout [] []
[2025-06-10T15:13:44.258564+00:00] app.INFO: HomeController index [] []
[2025-06-10T15:13:45.325296+00:00] app.INFO: AuthController auth view [] []
[2025-06-10T15:15:27.767231+00:00] app.INFO: HomeController index [] []
[2025-06-10T15:15:29.606490+00:00] app.INFO: AuthController auth view [] []
[2025-06-10T17:07:48.085697+00:00] app.INFO: HomeController index [] []
[2025-06-10T17:14:06.268505+00:00] app.INFO: AuthController auth view [] []
[2025-06-10T17:14:13.336104+00:00] app.INFO: AuthController login 1 pelanggan [] []
[2025-06-10T17:14:13.376295+00:00] app.INFO: HomeController index [] []
[2025-06-10T17:14:35.269449+00:00] app.INFO: PelangganModel: Update Failed [] []
[2025-06-10T17:14:41.360344+00:00] app.INFO: PelangganModel: Update Success [] []
[2025-06-10T17:14:43.564567+00:00] app.INFO: HomeController index [] []
[2025-06-10T18:51:10.732874+00:00] app.INFO: AuthController logout [] []
[2025-06-10T18:51:10.778534+00:00] app.INFO: HomeController index [] []
[2025-06-10T18:51:48.689441+00:00] app.INFO: AuthController auth view [] []
[2025-06-10T18:51:55.789354+00:00] app.INFO: AuthController login 1 pelanggan [] []
[2025-06-10T18:51:55.823060+00:00] app.INFO: HomeController index [] []
[2025-06-10T18:51:59.083958+00:00] app.INFO: HomeController index [] []
[2025-06-10T18:52:35.928800+00:00] app.INFO: AdminController dashboard [] []
[2025-06-12T09:40:46.996585+00:00] app.INFO: HomeController index [] []
[2025-06-12T09:41:10.849794+00:00] app.INFO: HomeController index [] []
[2025-06-12T09:41:13.167980+00:00] app.INFO: AuthController auth view [] []
[2025-06-12T09:41:47.529103+00:00] app.INFO: AuthController login 1 pelanggan [] []
[2025-06-12T09:41:47.596479+00:00] app.INFO: HomeController index [] []
[2025-06-12T09:41:50.678992+00:00] app.INFO: AdminController dashboard [] []
[2025-06-12T09:42:25.641043+00:00] app.INFO: AdminController dashboard [] []
[2025-06-12T10:02:48.646705+00:00] app.INFO: AdminController dashboard [] []
[2025-06-12T10:08:22.940983+00:00] app.INFO: AdminController dashboard [] []
[2025-06-12T10:08:28.538443+00:00] app.INFO: AdminController dashboard [] []
[2025-06-12T10:11:02.513437+00:00] app.INFO: AdminController dashboard [] []
[2025-06-12T10:11:16.627509+00:00] app.INFO: AdminController dashboard [] []
[2025-06-12T10:11:20.767307+00:00] app.INFO: AdminController dashboard [] []
[2025-06-12T10:11:55.996725+00:00] app.INFO: AdminController dashboard [] []
[2025-06-12T10:12:09.517575+00:00] app.INFO: HomeController index [] []
[2025-06-12T10:12:13.811263+00:00] app.INFO: AuthController logout [] []
[2025-06-12T10:12:13.876663+00:00] app.INFO: HomeController index [] []
[2025-06-12T14:45:58.109343+00:00] app.INFO: HomeController index [] []
[2025-06-12T14:45:59.339155+00:00] app.INFO: AuthController auth view [] []
[2025-06-12T14:46:07.386917+00:00] app.INFO: AuthController login 1 pelanggan [] []
[2025-06-12T14:46:07.446853+00:00] app.INFO: HomeController index [] []
[2025-06-12T14:56:12.214700+00:00] app.INFO: HomeController index [] []
[2025-06-12T14:56:50.863737+00:00] app.INFO: HomeController index [] []
[2025-06-12T14:57:01.868878+00:00] app.INFO: HomeController index [] []
[2025-06-12T14:57:03.499466+00:00] app.INFO: HomeController index [] []
[2025-06-12T14:58:20.266599+00:00] app.INFO: HomeController index [] []
[2025-06-12T14:58:25.562002+00:00] app.INFO: HomeController index [] []
[2025-06-12T15:01:30.481652+00:00] app.INFO: HomeController index [] []
[2025-06-12T15:01:41.696606+00:00] app.INFO: HomeController index [] []
[2025-06-12T15:03:28.166914+00:00] app.INFO: HomeController index [] []
[2025-06-12T15:03:35.094701+00:00] app.INFO: HomeController index [] []
[2025-06-12T15:15:37.838773+00:00] app.INFO: HomeController index [] []
[2025-06-12T15:15:42.234465+00:00] app.INFO: HomeController index [] []
[2025-06-12T15:17:33.555093+00:00] app.INFO: HomeController index [] []
[2025-06-12T15:21:01.810706+00:00] app.INFO: HomeController index [] []
[2025-06-12T15:21:10.911137+00:00] app.INFO: HomeController index [] []
[2025-06-12T15:46:58.767572+00:00] app.INFO: HomeController index [] []
[2025-06-12T15:47:15.089954+00:00] app.INFO: HomeController index [] []
[2025-06-12T15:49:25.708760+00:00] app.INFO: HomeController index [] []
[2025-06-12T16:36:12.659150+00:00] app.INFO: HomeController index [] []
[2025-06-12T18:13:50.568182+00:00] app.INFO: HomeController index [] []
[2025-06-12T18:13:54.293199+00:00] app.INFO: HomeController index [] []
[2025-06-12T18:14:03.786934+00:00] app.INFO: AuthController logout [] []
[2025-06-12T18:14:03.844072+00:00] app.INFO: HomeController index [] []
[2025-06-12T18:14:09.171023+00:00] app.INFO: AuthController auth view [] []
[2025-06-12T18:14:15.187323+00:00] app.INFO: AuthController login 1 pelanggan [] []
[2025-06-12T18:14:15.245764+00:00] app.INFO: HomeController index [] []
[2025-06-12T18:17:50.295436+00:00] app.INFO: HomeController index [] []
[2025-06-12T18:19:30.948196+00:00] app.INFO: HomeController index [] []
[2025-06-16T07:45:25.483002+00:00] app.INFO: HomeController index [] []
[2025-06-16T07:45:44.633065+00:00] app.INFO: AuthController auth view [] []
[2025-06-16T07:45:52.292374+00:00] app.INFO: AuthController login 1 pelanggan [] []
[2025-06-16T07:45:52.349954+00:00] app.INFO: HomeController index [] []
[2025-06-16T07:46:00.275423+00:00] app.INFO: HomeController index [] []
[2025-06-16T07:46:06.643412+00:00] app.INFO: AuthController logout [] []
[2025-06-16T07:46:06.708665+00:00] app.INFO: HomeController index [] []
[2025-06-16T07:46:08.360361+00:00] app.INFO: AuthController auth view [] []
[2025-06-16T07:46:20.925053+00:00] app.INFO: AuthController login 4 admin [] []
[2025-06-16T07:46:20.986327+00:00] app.INFO: AdminController dashboard [] []
[2025-06-16T07:49:21.851659+00:00] app.INFO: AdminController dashboard [] []
[2025-06-16T07:49:27.493095+00:00] app.INFO: AdminController dashboard [] []
[2025-06-16T07:52:24.892665+00:00] app.INFO: AdminController dashboard [] []
[2025-06-16T08:03:32.457553+00:00] app.INFO: AdminController dashboard [] []
[2025-06-16T08:10:53.449260+00:00] app.INFO: AdminController dashboard [] []
[2025-06-16T08:12:05.264897+00:00] app.INFO:  [] []
[2025-06-16T08:12:05.275313+00:00] app.INFO: AdminController dashboard [] []
[2025-06-16T08:12:57.771349+00:00] app.INFO: AdminController dashboard [] []
[2025-06-16T08:13:34.370209+00:00] app.INFO: AdminController dashboard [] []
[2025-06-16T08:13:52.782588+00:00] app.INFO: AdminController dashboard [] []
[2025-06-16T08:14:12.641425+00:00] app.INFO: AdminController dashboard [] []
[2025-06-16T08:14:36.665833+00:00] app.INFO: AdminController dashboard [] []
[2025-06-16T08:14:39.546460+00:00] app.INFO: AdminController dashboard [] []
[2025-06-16T08:14:39.734019+00:00] app.INFO: AdminController dashboard [] []
[2025-06-16T08:14:39.958651+00:00] app.INFO: AdminController dashboard [] []
[2025-06-16T08:15:07.789055+00:00] app.INFO: AdminController dashboard [] []
[2025-06-16T08:15:16.320385+00:00] app.INFO: AdminController dashboard [] []
[2025-06-16T08:15:38.221929+00:00] app.INFO: AdminController dashboard [] []
[2025-06-16T08:19:24.867691+00:00] app.INFO: AdminController dashboard [] []
[2025-06-16T08:21:43.983746+00:00] app.INFO: AdminController dashboard [] []
[2025-06-16T08:22:04.018988+00:00] app.INFO: AdminController dashboard [] []
[2025-06-16T08:22:23.085057+00:00] app.INFO: HomeController index [] []
[2025-06-16T08:22:27.682192+00:00] app.INFO: HomeController index [] []
[2025-06-16T08:22:31.870655+00:00] app.INFO: AdminController dashboard [] []
[2025-06-16T08:23:20.363006+00:00] app.INFO: AuthController logout [] []
[2025-06-16T08:23:20.410795+00:00] app.INFO: HomeController index [] []
[2025-06-16T08:23:25.592749+00:00] app.INFO: AuthController auth view [] []
[2025-06-16T08:23:32.345245+00:00] app.INFO: AuthController login 1 pelanggan [] []
[2025-06-16T08:23:32.378562+00:00] app.INFO: HomeController index [] []
[2025-06-16T08:23:38.291449+00:00] app.INFO: HomeController index [] []
[2025-06-16T08:23:42.794597+00:00] app.INFO: HomeController index [] []
[2025-06-16T08:24:47.563401+00:00] app.INFO: HomeController index [] []
[2025-06-16T08:26:00.711181+00:00] app.INFO: HomeController index [] []
[2025-06-16T08:26:22.518210+00:00] app.INFO: AuthController auth view [] []
[2025-06-16T08:26:32.293780+00:00] app.INFO: AuthController login 1 pelanggan [] []
[2025-06-16T08:26:32.325892+00:00] app.INFO: HomeController index [] []
[2025-06-16T08:26:47.714499+00:00] app.INFO: HomeController index [] []
[2025-06-16T08:26:51.478975+00:00] app.INFO: HomeController index [] []
[2025-06-16T08:27:06.650638+00:00] app.INFO: HomeController index [] []
[2025-06-16T17:18:38.849105+00:00] app.INFO: HomeController index [] []
[2025-06-16T17:18:42.990185+00:00] app.INFO: AuthController auth view [] []
[2025-06-16T17:19:35.259330+00:00] app.INFO: HomeController index [] []
[2025-06-16T17:19:37.483340+00:00] app.INFO: AuthController auth view [] []
[2025-06-16T17:20:18.436567+00:00] app.INFO: AuthController auth view [] []
[2025-06-16T17:20:38.618673+00:00] app.INFO: AuthController login 1 pelanggan [] []
[2025-06-16T17:20:38.656187+00:00] app.INFO: HomeController index [] []
[2025-06-16T17:54:04.187390+00:00] app.INFO: HomeController index [] []
[2025-06-16T17:54:14.696071+00:00] app.INFO: AuthController logout [] []
[2025-06-16T17:54:14.733315+00:00] app.INFO: HomeController index [] []
[2025-06-16T17:54:15.979628+00:00] app.INFO: AuthController auth view [] []
[2025-06-16T17:54:33.078864+00:00] app.INFO: AuthController login 1 pelanggan [] []
[2025-06-16T17:54:33.113518+00:00] app.INFO: HomeController index [] []
[2025-06-16T18:29:23.861712+00:00] app.INFO: HomeController index [] []
[2025-06-16T18:29:25.897887+00:00] app.INFO: HomeController index [] []
[2025-06-18T06:13:11.156242+00:00] app.INFO: HomeController index [] []
[2025-06-18T06:13:14.880799+00:00] app.INFO: AuthController auth view [] []
[2025-06-18T06:13:26.579579+00:00] app.INFO: HomeController index [] []
[2025-06-18T06:14:16.837601+00:00] app.INFO: HomeController index [] []
[2025-06-18T06:14:21.583936+00:00] app.INFO: PelangganModel: Update Failed [] []
[2025-06-18T06:14:25.571029+00:00] app.INFO: AuthController logout [] []
[2025-06-18T06:14:25.636234+00:00] app.INFO: HomeController index [] []
[2025-06-18T06:14:26.829367+00:00] app.INFO: AuthController auth view [] []
[2025-06-18T06:14:32.574911+00:00] app.INFO: AdminController dashboard [] []
[2025-06-18T06:15:19.230238+00:00] app.INFO: HomeController index [] []
[2025-06-18T06:15:24.339291+00:00] app.INFO: AuthController logout [] []
[2025-06-18T06:15:24.397989+00:00] app.INFO: HomeController index [] []
[2025-06-18T06:15:27.449611+00:00] app.INFO: AuthController auth view [] []
[2025-06-18T06:35:55.190285+00:00] app.INFO: HomeController index [] []
[2025-06-18T06:35:57.753570+00:00] app.INFO: AuthController auth view [] []
[2025-06-18T06:36:14.204283+00:00] app.INFO: HomeController index [] []
[2025-06-18T06:36:43.422905+00:00] app.INFO: HomeController index [] []
[2025-06-18T06:37:05.089053+00:00] app.INFO: HomeController index [] []
[2025-06-18T06:38:19.838131+00:00] app.INFO: HomeController index [] []
[2025-06-18T06:39:36.185794+00:00] app.INFO: HomeController index [] []
[2025-06-18T06:40:18.035764+00:00] app.INFO: HomeController index [] []
[2025-06-18T06:40:31.810705+00:00] app.INFO: HomeController index [] []
[2025-06-18T06:42:23.088464+00:00] app.INFO: HomeController index [] []
[2025-06-18T06:42:35.429736+00:00] app.INFO: HomeController index [] []
[2025-06-18T07:02:21.800573+00:00] app.INFO: HomeController index [] []
[2025-06-18T07:02:22.967805+00:00] app.INFO: HomeController index [] []
[2025-06-18T07:02:27.489682+00:00] app.INFO: HomeController index [] []
[2025-06-18T07:04:07.039373+00:00] app.INFO: HomeController index [] []
[2025-06-18T07:07:13.569510+00:00] app.INFO: HomeController index [] []
[2025-06-18T09:05:49.075142+00:00] app.INFO: HomeController index [] []
[2025-06-18T09:06:09.383669+00:00] app.INFO: HomeController index [] []
[2025-06-18T09:06:11.273931+00:00] app.INFO: AuthController auth view [] []
[2025-06-18T09:08:45.671349+00:00] app.INFO: AuthController auth view [] []
[2025-06-18T09:08:48.353299+00:00] app.INFO: AuthController auth view [] []
[2025-06-18T09:15:22.542258+00:00] app.INFO: HomeController index [] []
[2025-06-18T09:15:27.153284+00:00] app.INFO: AuthController auth view [] []
[2025-06-18T09:32:52.766739+00:00] app.INFO: HomeController index [] []
[2025-06-18T09:32:57.403704+00:00] app.INFO: AuthController auth view [] []
[2025-06-18T09:38:39.748010+00:00] app.INFO: HomeController index [] []
[2025-06-18T09:39:01.700675+00:00] app.INFO: AuthController logout [] []
[2025-06-18T09:39:02.163391+00:00] app.INFO: HomeController index [] []
[2025-06-18T09:39:04.307279+00:00] app.INFO: AuthController auth view [] []
[2025-06-18T09:39:11.188218+00:00] app.INFO: HomeController index [] []
[2025-06-18T09:39:31.716816+00:00] app.INFO: HomeController index [] []
[2025-06-18T09:39:37.799099+00:00] app.INFO: HomeController index [] []
[2025-06-18T09:39:42.669772+00:00] app.INFO: AuthController logout [] []
[2025-06-18T09:39:43.032908+00:00] app.INFO: HomeController index [] []
[2025-06-18T09:39:44.576763+00:00] app.INFO: AuthController auth view [] []
[2025-06-18T09:39:55.553311+00:00] app.INFO: AdminController dashboard [] []
[2025-06-18T09:40:29.402051+00:00] app.INFO: HomeController index [] []
[2025-06-18T09:40:35.316756+00:00] app.INFO: HomeController index [] []
[2025-06-18T09:40:43.784365+00:00] app.INFO: AuthController logout [] []
[2025-06-18T09:40:44.167444+00:00] app.INFO: HomeController index [] []
[2025-06-18T09:40:45.821609+00:00] app.INFO: AuthController auth view [] []
[2025-06-18T09:40:52.370724+00:00] app.INFO: HomeController index [] []
